<?xml version="1.0" encoding="UTF-8"?>
<testsuite errors="0" failures="0" hostname="hero-R510-P510" name="First" tests="1" time="0.072" timestamp="2012-04-22T12:40:04">
  <properties />
  <testcase classname="First" name="testme" time="0.002" />
  <system-out><![CDATA[]]></system-out>
  <system-err><![CDATA[]]></system-err>
</testsuite>
